kotlin version: 2.1.0
error message: java.lang.ClassCastException: Cannot cast top.brightk.bridge.kcp.BridgePluginRegistrar to org.jetbrains.kotlin.compiler.plugin.ComponentRegistrar
	at java.base/java.lang.Class.cast(Unknown Source)
	at org.jetbrains.kotlin.util.ServiceLoaderLite.loadImplementations(ServiceLoaderLite.kt:52)
	at org.jetbrains.kotlin.util.ServiceLoaderLite.loadImplementations(ServiceLoaderLite.kt:44)
	at org.jetbrains.kotlin.cli.jvm.plugins.PluginCliParser.loadPluginsLegacyStyle(PluginCliParser.kt:141)
	at org.jetbrains.kotlin.cli.jvm.plugins.PluginCliParser.loadPluginsSafe(PluginCliParser.kt:57)
	at org.jetbrains.kotlin.cli.common.CLICompiler.loadPlugins(CLICompiler.kt:215)
	at org.jetbrains.kotlin.cli.jvm.K2JVMCompiler.doExecute(K2JVMCompiler.kt:59)
	at org.jetbrains.kotlin.cli.jvm.K2JVMCompiler.doExecute(K2JVMCompiler.kt:43)
	at org.jetbrains.kotlin.cli.common.CLICompiler.execImpl(CLICompiler.kt:102)
	at org.jetbrains.kotlin.cli.common.CLICompiler.exec(CLICompiler.kt:316)
	at org.jetbrains.kotlin.daemon.CompileServiceImpl.compile(CompileServiceImpl.kt:1554)
	at java.base/jdk.internal.reflect.DirectMethodHandleAccessor.invoke(Unknown Source)
	at java.base/java.lang.reflect.Method.invoke(Unknown Source)
	at java.rmi/sun.rmi.server.UnicastServerRef.dispatch(Unknown Source)
	at java.rmi/sun.rmi.transport.Transport$1.run(Unknown Source)
	at java.rmi/sun.rmi.transport.Transport$1.run(Unknown Source)
	at java.base/java.security.AccessController.doPrivileged(Unknown Source)
	at java.rmi/sun.rmi.transport.Transport.serviceCall(Unknown Source)
	at java.rmi/sun.rmi.transport.tcp.TCPTransport.handleMessages(Unknown Source)
	at java.rmi/sun.rmi.transport.tcp.TCPTransport$ConnectionHandler.run0(Unknown Source)
	at java.rmi/sun.rmi.transport.tcp.TCPTransport$ConnectionHandler.lambda$run$0(Unknown Source)
	at java.base/java.security.AccessController.doPrivileged(Unknown Source)
	at java.rmi/sun.rmi.transport.tcp.TCPTransport$ConnectionHandler.run(Unknown Source)
	at java.base/java.util.concurrent.ThreadPoolExecutor.runWorker(Unknown Source)
	at java.base/java.util.concurrent.ThreadPoolExecutor$Worker.run(Unknown Source)
	at java.base/java.lang.Thread.run(Unknown Source)


